<?xml version="1.0" encoding="UTF-8"?>
<!-- Generated by org.testng.reporters.JUnitXMLReporter -->
<testsuite ignored="0" hostname="LIN51006103" failures="0" tests="3" name="Default test" time="0.082" errors="0" timestamp="2021-08-03T21:11:55 IST">
  <testcase classname="TestNG.Basicoftestng" name="testmethod1" time="0.013"/>
  <testcase classname="TestNG.Basicoftestng" name="testmethod3" time="0.004"/>
  <testcase classname="TestNG.Basicoftestng" name="testmethod2" time="0.001"/>
</testsuite> <!-- Default test -->
