<?xml version="1.0" encoding="UTF-8"?>
<testng-results ignored="0" total="3" passed="3" failed="0" skipped="0">
  <reporter-output>
  </reporter-output>
  <suite started-at="2021-08-03T21:11:55 IST" name="Default suite" finished-at="2021-08-03T21:11:55 IST" duration-ms="82">
    <groups>
    </groups>
    <test started-at="2021-08-03T21:11:55 IST" name="Default test" finished-at="2021-08-03T21:11:55 IST" duration-ms="82">
      <class name="TestNG.Basicoftestng">
        <test-method signature="testmethod1()[pri:-1, instance:TestNG.Basicoftestng@46fa7c39]" started-at="2021-08-03T21:11:55 IST" name="testmethod1" finished-at="2021-08-03T21:11:55 IST" duration-ms="13" status="PASS">
          <reporter-output>
          </reporter-output>
        </test-method> <!-- testmethod1 -->
        <test-method signature="testmethod3()[pri:0, instance:TestNG.Basicoftestng@46fa7c39]" started-at="2021-08-03T21:11:55 IST" name="testmethod3" finished-at="2021-08-03T21:11:55 IST" duration-ms="4" status="PASS">
          <reporter-output>
          </reporter-output>
        </test-method> <!-- testmethod3 -->
        <test-method signature="testmethod2()[pri:5, instance:TestNG.Basicoftestng@46fa7c39]" started-at="2021-08-03T21:11:55 IST" name="testmethod2" finished-at="2021-08-03T21:11:55 IST" duration-ms="1" status="PASS">
          <reporter-output>
          </reporter-output>
        </test-method> <!-- testmethod2 -->
      </class> <!-- TestNG.Basicoftestng -->
    </test> <!-- Default test -->
  </suite> <!-- Default suite -->
</testng-results>
