<?xml version="1.0" encoding="UTF-8"?>
<!-- Generated by org.testng.reporters.JUnitXMLReporter -->
<testsuite ignored="0" hostname="LIN51006103" failures="0" tests="4" name="Default test" time="0.098" errors="0" timestamp="2021-08-05T22:42:18 IST">
  <testcase classname="Dataproviderdemo.TestDataprovider" name="test" time="0.013"/>
  <testcase classname="Dataproviderdemo.TestDataprovider" name="test" time="0.004"/>
  <testcase classname="Dataproviderdemo.TestDataprovider" name="test" time="0.005"/>
  <testcase classname="Dataproviderdemo.TestDataprovider" name="test" time="0.001"/>
</testsuite> <!-- Default test -->
