<?xml version="1.0" encoding="UTF-8"?>
<!-- Generated by org.testng.reporters.JUnitXMLReporter -->
<testsuite ignored="0" hostname="LIN51006103" failures="0" tests="4" name="test case one" time="0.121" errors="0" timestamp="2021-08-06T18:57:24 IST">
  <testcase classname="Dataproviderdemo.TestDataprovider" name="test" time="0.009"/>
  <testcase classname="Dataproviderdemo.TestDataprovider" name="test" time="0.001"/>
  <testcase classname="Dataproviderdemo.TestDataprovider" name="test" time="0.005"/>
  <testcase classname="Dataproviderdemo.TestDataprovider" name="test" time="0.002"/>
</testsuite> <!-- test case one -->
