<?xml version="1.0" encoding="UTF-8"?>
<testng-results ignored="0" total="4" passed="4" failed="0" skipped="0">
  <reporter-output>
  </reporter-output>
  <suite started-at="2021-08-06T18:57:24 IST" name="Sample Suite" finished-at="2021-08-06T18:57:24 IST" duration-ms="121">
    <groups>
    </groups>
    <test started-at="2021-08-06T18:57:24 IST" name="test case one" finished-at="2021-08-06T18:57:24 IST" duration-ms="121">
      <class name="Dataproviderdemo.TestDataprovider">
        <test-method signature="test(int,java.lang.String,java.lang.String)[pri:1, instance:Dataproviderdemo.TestDataprovider@78ffe6dc]" started-at="2021-08-06T18:57:24 IST" name="test" data-provider="testdata" finished-at="2021-08-06T18:57:24 IST" duration-ms="9" status="PASS">
          <params>
            <param index="0">
              <value>
                <![CDATA[11]]>
              </value>
            </param>
            <param index="1">
              <value>
                <![CDATA[pwd1]]>
              </value>
            </param>
            <param index="2">
              <value>
                <![CDATA[A]]>
              </value>
            </param>
          </params>
          <reporter-output>
          </reporter-output>
        </test-method> <!-- test -->
        <test-method signature="test(int,java.lang.String,java.lang.String)[pri:1, instance:Dataproviderdemo.TestDataprovider@78ffe6dc]" started-at="2021-08-06T18:57:24 IST" name="test" data-provider="testdata" finished-at="2021-08-06T18:57:24 IST" duration-ms="1" status="PASS">
          <params>
            <param index="0">
              <value>
                <![CDATA[12]]>
              </value>
            </param>
            <param index="1">
              <value>
                <![CDATA[pwd2]]>
              </value>
            </param>
            <param index="2">
              <value>
                <![CDATA[B]]>
              </value>
            </param>
          </params>
          <reporter-output>
          </reporter-output>
        </test-method> <!-- test -->
        <test-method signature="test(int,java.lang.String,java.lang.String)[pri:1, instance:Dataproviderdemo.TestDataprovider@78ffe6dc]" started-at="2021-08-06T18:57:24 IST" name="test" data-provider="testdata" finished-at="2021-08-06T18:57:24 IST" duration-ms="5" status="PASS">
          <params>
            <param index="0">
              <value>
                <![CDATA[13]]>
              </value>
            </param>
            <param index="1">
              <value>
                <![CDATA[pwd3]]>
              </value>
            </param>
            <param index="2">
              <value>
                <![CDATA[C]]>
              </value>
            </param>
          </params>
          <reporter-output>
          </reporter-output>
        </test-method> <!-- test -->
        <test-method signature="test(int,java.lang.String,java.lang.String)[pri:1, instance:Dataproviderdemo.TestDataprovider@78ffe6dc]" started-at="2021-08-06T18:57:24 IST" name="test" data-provider="testdata" finished-at="2021-08-06T18:57:24 IST" duration-ms="2" status="PASS">
          <params>
            <param index="0">
              <value>
                <![CDATA[14]]>
              </value>
            </param>
            <param index="1">
              <value>
                <![CDATA[pwd4]]>
              </value>
            </param>
            <param index="2">
              <value>
                <![CDATA[D]]>
              </value>
            </param>
          </params>
          <reporter-output>
          </reporter-output>
        </test-method> <!-- test -->
      </class> <!-- Dataproviderdemo.TestDataprovider -->
    </test> <!-- test case one -->
  </suite> <!-- Sample Suite -->
</testng-results>
